1500834529130	geckodriver	INFO	geckodriver 0.18.0
1500834529137	geckodriver	INFO	Listening on 127.0.0.1:59619
1500834530239	geckodriver::marionette	INFO	Starting browser /Applications/Firefox.app/Contents/MacOS/firefox-bin with args ["-marionette"]
1500834532466	Marionette	INFO	Listening on port 59628
1500834533062	Marionette	WARN	TLS certificate errors will be ignored for this session
1500834533458	Marionette	DEBUG	loaded listener.js
1500834533489	Marionette	DEBUG	Received DOM event "beforeunload" for "about:blank"
2017-07-23 14:28:53.543 plugin-container[4259:4026850] *** CFMessagePort: bootstrap_register(): failed 1100 (0x44c) 'Permission denied', port = 0x913b, name = 'com.apple.tsm.portname'
See /usr/include/servers/bootstrap_defs.h for the error codes.
2017-07-23 14:28:53.544 plugin-container[4259:4026850] *** CFMessagePort: bootstrap_register(): failed 1100 (0x44c) 'Permission denied', port = 0x9403, name = 'com.apple.CFPasteboardClient'
See /usr/include/servers/bootstrap_defs.h for the error codes.
1500834534325	Marionette	DEBUG	Received DOM event "pagehide" for "about:blank"
1500834534326	Marionette	DEBUG	Received DOM event "unload" for "about:blank"
1500834534855	Marionette	DEBUG	Received DOM event "DOMContentLoaded" for "http://mha1.nic.in/ipr/ips_ersheet_new/home.aspx"
1500834537047	Marionette	DEBUG	Received DOM event "pageshow" for "http://mha1.nic.in/ipr/ips_ersheet_new/home.aspx"
1500834537408	Marionette	DEBUG	Canceled page load listener because no navigation has been detected
1500834537669	Marionette	DEBUG	Canceled page load listener because no navigation has been detected
1500834537918	Marionette	DEBUG	Canceled page load listener because no navigation has been detected
1500834538171	Marionette	DEBUG	Canceled page load listener because no navigation has been detected
1500834538420	Marionette	DEBUG	Canceled page load listener because no navigation has been detected
1500834538668	Marionette	DEBUG	Canceled page load listener because no navigation has been detected
1500834538927	Marionette	DEBUG	Canceled page load listener because no navigation has been detected
1500834539174	Marionette	DEBUG	Canceled page load listener because no navigation has been detected
1500834539415	Marionette	DEBUG	Canceled page load listener because no navigation has been detected
1500834539645	Marionette	DEBUG	Canceled page load listener because no navigation has been detected
1500834539894	Marionette	DEBUG	Canceled page load listener because no navigation has been detected
1500834540135	Marionette	DEBUG	Canceled page load listener because no navigation has been detected
1500834540381	Marionette	DEBUG	Canceled page load listener because no navigation has been detected
1500834540618	Marionette	DEBUG	Canceled page load listener because no navigation has been detected
1500834540869	Marionette	DEBUG	Canceled page load listener because no navigation has been detected
1500834541113	Marionette	DEBUG	Canceled page load listener because no navigation has been detected
1500834541370	Marionette	DEBUG	Canceled page load listener because no navigation has been detected
1500834541618	Marionette	DEBUG	Canceled page load listener because no navigation has been detected
1500834541854	Marionette	DEBUG	Canceled page load listener because no navigation has been detected
1500834542092	Marionette	DEBUG	Canceled page load listener because no navigation has been detected
1500834542345	Marionette	DEBUG	Canceled page load listener because no navigation has been detected
1500834542585	Marionette	DEBUG	Canceled page load listener because no navigation has been detected
1500834542836	Marionette	DEBUG	Canceled page load listener because no navigation has been detected
1500834543084	Marionette	DEBUG	Canceled page load listener because no navigation has been detected
1500834543322	Marionette	DEBUG	Canceled page load listener because no navigation has been detected
1500834543572	Marionette	DEBUG	Canceled page load listener because no navigation has been detected
1500834543814	Marionette	DEBUG	Canceled page load listener because no navigation has been detected
1500834544059	Marionette	DEBUG	Canceled page load listener because no navigation has been detected
1500834544304	Marionette	DEBUG	Canceled page load listener because no navigation has been detected
1500834544547	Marionette	DEBUG	Canceled page load listener because no navigation has been detected
1500834544793	Marionette	DEBUG	Canceled page load listener because no navigation has been detected
1500834545033	Marionette	DEBUG	Canceled page load listener because no navigation has been detected
1500834545280	Marionette	DEBUG	Canceled page load listener because no navigation has been detected
1500834545525	Marionette	DEBUG	Canceled page load listener because no navigation has been detected
1500834545761	Marionette	DEBUG	Canceled page load listener because no navigation has been detected
1500834546008	Marionette	DEBUG	Canceled page load listener because no navigation has been detected
1500834546256	Marionette	DEBUG	Canceled page load listener because no navigation has been detected
1500834546504	Marionette	DEBUG	Canceled page load listener because no navigation has been detected
1500834546748	Marionette	DEBUG	Canceled page load listener because no navigation has been detected
1500834546993	Marionette	DEBUG	Canceled page load listener because no navigation has been detected
1500834547233	Marionette	DEBUG	Canceled page load listener because no navigation has been detected
1500834547491	Marionette	DEBUG	Canceled page load listener because no navigation has been detected
1500834547739	Marionette	DEBUG	Canceled page load listener because no navigation has been detected
1500834547989	Marionette	DEBUG	Canceled page load listener because no navigation has been detected
1500834548234	Marionette	DEBUG	Canceled page load listener because no navigation has been detected
1500834548489	Marionette	DEBUG	Canceled page load listener because no navigation has been detected
1500834548724	Marionette	DEBUG	Canceled page load listener because no navigation has been detected
1500834548977	Marionette	DEBUG	Canceled page load listener because no navigation has been detected
1500834549220	Marionette	DEBUG	Canceled page load listener because no navigation has been detected
1500834549471	Marionette	DEBUG	Canceled page load listener because no navigation has been detected
1500834549715	Marionette	DEBUG	Canceled page load listener because no navigation has been detected
1500834549962	Marionette	DEBUG	Canceled page load listener because no navigation has been detected
1500834550207	Marionette	DEBUG	Canceled page load listener because no navigation has been detected
1500834550453	Marionette	DEBUG	Canceled page load listener because no navigation has been detected
1500834550696	Marionette	DEBUG	Canceled page load listener because no navigation has been detected
1500834550935	Marionette	DEBUG	Canceled page load listener because no navigation has been detected
1500834551180	Marionette	DEBUG	Canceled page load listener because no navigation has been detected
1500834551416	Marionette	DEBUG	Canceled page load listener because no navigation has been detected
1500834551659	Marionette	DEBUG	Canceled page load listener because no navigation has been detected
1500834551903	Marionette	DEBUG	Canceled page load listener because no navigation has been detected
1500834552148	Marionette	DEBUG	Canceled page load listener because no navigation has been detected
1500834552409	Marionette	DEBUG	Canceled page load listener because no navigation has been detected
1500834552658	Marionette	DEBUG	Canceled page load listener because no navigation has been detected
1500834552897	Marionette	DEBUG	Canceled page load listener because no navigation has been detected
1500834553147	Marionette	DEBUG	Canceled page load listener because no navigation has been detected
1500834553391	Marionette	DEBUG	Canceled page load listener because no navigation has been detected
1500834553676	Marionette	DEBUG	Canceled page load listener because no navigation has been detected
1500834553927	Marionette	DEBUG	Canceled page load listener because no navigation has been detected
1500834554197	Marionette	DEBUG	Canceled page load listener because no navigation has been detected
1500834554445	Marionette	DEBUG	Canceled page load listener because no navigation has been detected
1500834554697	Marionette	DEBUG	Canceled page load listener because no navigation has been detected
1500834554958	Marionette	DEBUG	Canceled page load listener because no navigation has been detected
1500834555207	Marionette	DEBUG	Canceled page load listener because no navigation has been detected
1500834555456	Marionette	DEBUG	Canceled page load listener because no navigation has been detected
1500834555700	Marionette	DEBUG	Canceled page load listener because no navigation has been detected
1500834555943	Marionette	DEBUG	Canceled page load listener because no navigation has been detected
1500834556199	Marionette	DEBUG	Canceled page load listener because no navigation has been detected
1500834556449	Marionette	DEBUG	Canceled page load listener because no navigation has been detected
1500834556698	Marionette	DEBUG	Canceled page load listener because no navigation has been detected
1500834556947	Marionette	DEBUG	Canceled page load listener because no navigation has been detected
1500834557194	Marionette	DEBUG	Canceled page load listener because no navigation has been detected
1500834557429	Marionette	DEBUG	Canceled page load listener because no navigation has been detected
1500834557668	Marionette	DEBUG	Canceled page load listener because no navigation has been detected
2017-07-23 14:29:22.341 firefox-bin[4258:4026474] IMKInputSession presentFunctionRowItemTextInputViewWithEndpoint:completionHandler: : [self textInputContext]=0x113bad880 *NO* NSRemoteViewController to client, NSError=Error Domain=NSCocoaErrorDomain Code=4097 "connection from pid 0" UserInfo={NSDebugDescription=connection from pid 0}, com.apple.inputmethod.EmojiFunctionRowItem
1500834566445	Marionette	INFO	Ceased listening
1500834668844	geckodriver	INFO	geckodriver 0.18.0
1500834668848	geckodriver	INFO	Listening on 127.0.0.1:59894
1500834669935	geckodriver::marionette	INFO	Starting browser /Applications/Firefox.app/Contents/MacOS/firefox-bin with args ["-marionette"]
1500834672020	Marionette	INFO	Listening on port 59903
1500834672127	Marionette	WARN	TLS certificate errors will be ignored for this session
1500834672302	Marionette	DEBUG	loaded listener.js
1500834672340	Marionette	DEBUG	Received DOM event "beforeunload" for "about:blank"
2017-07-23 14:31:12.401 plugin-container[4279:4053449] *** CFMessagePort: bootstrap_register(): failed 1100 (0x44c) 'Permission denied', port = 0x913b, name = 'com.apple.tsm.portname'
See /usr/include/servers/bootstrap_defs.h for the error codes.
2017-07-23 14:31:12.402 plugin-container[4279:4053449] *** CFMessagePort: bootstrap_register(): failed 1100 (0x44c) 'Permission denied', port = 0x9403, name = 'com.apple.CFPasteboardClient'
See /usr/include/servers/bootstrap_defs.h for the error codes.
1500834673138	Marionette	DEBUG	Received DOM event "pagehide" for "about:blank"
1500834673139	Marionette	DEBUG	Received DOM event "unload" for "about:blank"
1500834673701	Marionette	DEBUG	Received DOM event "DOMContentLoaded" for "http://mha1.nic.in/ipr/ips_ersheet_new/home.aspx"
1500834674536	Marionette	DEBUG	Received DOM event "pageshow" for "http://mha1.nic.in/ipr/ips_ersheet_new/home.aspx"
1500834790080	geckodriver	INFO	geckodriver 0.18.0
1500834790084	geckodriver	INFO	Listening on 127.0.0.1:60008
1500834791140	geckodriver::marionette	INFO	Starting browser /Applications/Firefox.app/Contents/MacOS/firefox-bin with args ["-marionette"]
1500834792980	Marionette	INFO	Listening on port 60017
1500834793049	Marionette	WARN	TLS certificate errors will be ignored for this session
1500834793250	Marionette	DEBUG	loaded listener.js
1500834793277	Marionette	DEBUG	Received DOM event "beforeunload" for "about:blank"
2017-07-23 14:33:13.341 plugin-container[4303:4075406] *** CFMessagePort: bootstrap_register(): failed 1100 (0x44c) 'Permission denied', port = 0x913b, name = 'com.apple.tsm.portname'
See /usr/include/servers/bootstrap_defs.h for the error codes.
2017-07-23 14:33:13.342 plugin-container[4303:4075406] *** CFMessagePort: bootstrap_register(): failed 1100 (0x44c) 'Permission denied', port = 0x9403, name = 'com.apple.CFPasteboardClient'
See /usr/include/servers/bootstrap_defs.h for the error codes.
1500834793860	Marionette	DEBUG	Received DOM event "pagehide" for "about:blank"
1500834793861	Marionette	DEBUG	Received DOM event "unload" for "about:blank"
1500834794394	Marionette	DEBUG	Received DOM event "DOMContentLoaded" for "http://mha1.nic.in/ipr/ips_ersheet_new/home.aspx"
1500834795264	Marionette	DEBUG	Received DOM event "pageshow" for "http://mha1.nic.in/ipr/ips_ersheet_new/home.aspx"
1500834807312	geckodriver	INFO	geckodriver 0.18.0
1500834807316	geckodriver	INFO	Listening on 127.0.0.1:60087
1500834808405	geckodriver::marionette	INFO	Starting browser /Applications/Firefox.app/Contents/MacOS/firefox-bin with args ["-marionette"]
1500834810262	Marionette	INFO	Listening on port 60096
1500834810311	Marionette	WARN	TLS certificate errors will be ignored for this session
1500834810518	Marionette	DEBUG	loaded listener.js
1500834810544	Marionette	DEBUG	Received DOM event "beforeunload" for "about:blank"
2017-07-23 14:33:30.595 plugin-container[4314:4079071] *** CFMessagePort: bootstrap_register(): failed 1100 (0x44c) 'Permission denied', port = 0x913b, name = 'com.apple.tsm.portname'
See /usr/include/servers/bootstrap_defs.h for the error codes.
2017-07-23 14:33:30.596 plugin-container[4314:4079071] *** CFMessagePort: bootstrap_register(): failed 1100 (0x44c) 'Permission denied', port = 0x9403, name = 'com.apple.CFPasteboardClient'
See /usr/include/servers/bootstrap_defs.h for the error codes.
1500834811115	Marionette	DEBUG	Received DOM event "pagehide" for "about:blank"
1500834811116	Marionette	DEBUG	Received DOM event "unload" for "about:blank"
1500834811691	Marionette	DEBUG	Received DOM event "DOMContentLoaded" for "http://mha1.nic.in/ipr/ips_ersheet_new/home.aspx"
1500834814514	Marionette	DEBUG	Received DOM event "pageshow" for "http://mha1.nic.in/ipr/ips_ersheet_new/home.aspx"
1500834825503	Marionette	DEBUG	Canceled page load listener because no navigation has been detected
1500834828685	Marionette	DEBUG	Canceled page load listener because no navigation has been detected
2017-07-23 14:33:50.512 firefox-bin[4312:4078755] IMKInputSession presentFunctionRowItemTextInputViewWithEndpoint:completionHandler: : [self textInputContext]=0x11a810b80 *NO* NSRemoteViewController to client, NSError=Error Domain=NSCocoaErrorDomain Code=4097 "connection from pid 0" UserInfo={NSDebugDescription=connection from pid 0}, com.apple.inputmethod.EmojiFunctionRowItem
2017-07-23 14:33:55.728 firefox-bin[4312:4078755] IMKInputSession presentFunctionRowItemTextInputViewWithEndpoint:completionHandler: : [self textInputContext]=0x11a810b80 *NO* NSRemoteViewController to client, NSError=Error Domain=NSCocoaErrorDomain Code=4097 "connection from pid 0" UserInfo={NSDebugDescription=connection from pid 0}, com.apple.inputmethod.EmojiFunctionRowItem
1500834873895	geckodriver	INFO	geckodriver 0.18.0
1500834873901	geckodriver	INFO	Listening on 127.0.0.1:60172
1500834875015	geckodriver::marionette	INFO	Starting browser /Applications/Firefox.app/Contents/MacOS/firefox-bin with args ["-marionette"]
1500834877143	Marionette	INFO	Listening on port 60181
1500834877263	Marionette	WARN	TLS certificate errors will be ignored for this session
1500834877457	Marionette	DEBUG	loaded listener.js
1500834877486	Marionette	DEBUG	Received DOM event "beforeunload" for "about:blank"
2017-07-23 14:34:37.540 plugin-container[4320:4091512] *** CFMessagePort: bootstrap_register(): failed 1100 (0x44c) 'Permission denied', port = 0x903f, name = 'com.apple.tsm.portname'
See /usr/include/servers/bootstrap_defs.h for the error codes.
2017-07-23 14:34:37.541 plugin-container[4320:4091512] *** CFMessagePort: bootstrap_register(): failed 1100 (0x44c) 'Permission denied', port = 0x9403, name = 'com.apple.CFPasteboardClient'
See /usr/include/servers/bootstrap_defs.h for the error codes.
1500834878058	Marionette	DEBUG	Received DOM event "pagehide" for "about:blank"
1500834878058	Marionette	DEBUG	Received DOM event "unload" for "about:blank"
1500834878571	Marionette	DEBUG	Received DOM event "DOMContentLoaded" for "http://mha1.nic.in/ipr/ips_ersheet_new/home.aspx"
1500834879442	Marionette	DEBUG	Received DOM event "pageshow" for "http://mha1.nic.in/ipr/ips_ersheet_new/home.aspx"
1500834947823	Marionette	DEBUG	Canceled page load listener because no navigation has been detected
1500834949682	Marionette	DEBUG	Canceled page load listener because no navigation has been detected
1500835008261	geckodriver	INFO	geckodriver 0.18.0
1500835008265	geckodriver	INFO	Listening on 127.0.0.1:60344
1500835009493	geckodriver::marionette	INFO	Starting browser /Applications/Firefox.app/Contents/MacOS/firefox-bin with args ["-marionette"]
2017-07-23 14:36:49.499 firefox-bin[4312:4078755] IMKInputSession presentFunctionRowItemTextInputViewWithEndpoint:completionHandler: : [self textInputContext]=0x11a810b80 *NO* NSRemoteViewController to client, NSError=Error Domain=NSCocoaErrorDomain Code=4097 "connection from pid 0" UserInfo={NSDebugDescription=connection from pid 0}, com.apple.inputmethod.EmojiFunctionRowItem
2017-07-23 14:36:54.260 firefox-bin[4312:4078755] IMKInputSession presentFunctionRowItemTextInputViewWithEndpoint:completionHandler: : [self textInputContext]=0x11a810b80 *NO* NSRemoteViewController to client, NSError=Error Domain=NSCocoaErrorDomain Code=4097 "connection from pid 0" UserInfo={NSDebugDescription=connection from pid 0}, com.apple.inputmethod.EmojiFunctionRowItem
1500835014971	Marionette	INFO	Ceased listening
2017-07-23 14:36:55.428 firefox-bin[4319:4091144] IMKInputSession presentFunctionRowItemTextInputViewWithEndpoint:completionHandler: : [self textInputContext]=0x1102c9820 *NO* NSRemoteViewController to client, NSError=Error Domain=NSCocoaErrorDomain Code=4097 "connection from pid 0" UserInfo={NSDebugDescription=connection from pid 0}, com.apple.inputmethod.EmojiFunctionRowItem
1500835016170	Marionette	INFO	Ceased listening
1500835165540	geckodriver	INFO	geckodriver 0.18.0
1500835165544	geckodriver	INFO	Listening on 127.0.0.1:60508
1500835166636	geckodriver::marionette	INFO	Starting browser /Applications/Firefox.app/Contents/MacOS/firefox-bin with args ["-marionette"]
1500835168916	Marionette	INFO	Listening on port 60517
1500835168968	Marionette	WARN	TLS certificate errors will be ignored for this session
1500835169194	Marionette	DEBUG	loaded listener.js
1500835169222	Marionette	DEBUG	Received DOM event "beforeunload" for "about:blank"
2017-07-23 14:39:29.301 plugin-container[4380:4124808] *** CFMessagePort: bootstrap_register(): failed 1100 (0x44c) 'Permission denied', port = 0x913b, name = 'com.apple.tsm.portname'
See /usr/include/servers/bootstrap_defs.h for the error codes.
2017-07-23 14:39:29.303 plugin-container[4380:4124808] *** CFMessagePort: bootstrap_register(): failed 1100 (0x44c) 'Permission denied', port = 0x9403, name = 'com.apple.CFPasteboardClient'
See /usr/include/servers/bootstrap_defs.h for the error codes.
1500835169799	Marionette	DEBUG	Received DOM event "pagehide" for "about:blank"
1500835169799	Marionette	DEBUG	Received DOM event "unload" for "about:blank"
1500835170312	Marionette	DEBUG	Received DOM event "DOMContentLoaded" for "http://mha1.nic.in/ipr/ips_ersheet_new/home.aspx"
1500835171208	Marionette	DEBUG	Received DOM event "pageshow" for "http://mha1.nic.in/ipr/ips_ersheet_new/home.aspx"
1500835201817	Marionette	DEBUG	Canceled page load listener because no navigation has been detected
1500835203688	Marionette	DEBUG	Canceled page load listener because no navigation has been detected
2017-07-23 14:40:06.769 firefox-bin[4379:4124695] IMKInputSession presentFunctionRowItemTextInputViewWithEndpoint:completionHandler: : [self textInputContext]=0x10d1897c0 *NO* NSRemoteViewController to client, NSError=Error Domain=NSCocoaErrorDomain Code=4097 "connection from pid 0" UserInfo={NSDebugDescription=connection from pid 0}, com.apple.inputmethod.EmojiFunctionRowItem
[GFX1-]: Receive IPC close with reason=AbnormalShutdown
1500835242880	geckodriver	INFO	geckodriver 0.18.0
1500835242885	geckodriver	INFO	Listening on 127.0.0.1:60702
1500835243951	geckodriver::marionette	INFO	Starting browser /Applications/Firefox.app/Contents/MacOS/firefox-bin with args ["-marionette"]
1500835245810	Marionette	INFO	Listening on port 60711
2017-07-23 14:40:46.077 plugin-container[4396:4125864] *** CFMessagePort: bootstrap_register(): failed 1100 (0x44c) 'Permission denied', port = 0x913b, name = 'com.apple.tsm.portname'
See /usr/include/servers/bootstrap_defs.h for the error codes.
2017-07-23 14:40:46.080 plugin-container[4396:4125864] *** CFMessagePort: bootstrap_register(): failed 1100 (0x44c) 'Permission denied', port = 0x9403, name = 'com.apple.CFPasteboardClient'
See /usr/include/servers/bootstrap_defs.h for the error codes.
2017-07-23 14:40:53.167 firefox-bin[4395:4125785] IMKInputSession presentFunctionRowItemTextInputViewWithEndpoint:completionHandler: : [self textInputContext]=0x123db52e0 *NO* NSRemoteViewController to client, NSError=Error Domain=NSCocoaErrorDomain Code=4097 "connection from pid 0" UserInfo={NSDebugDescription=connection from pid 0}, com.apple.inputmethod.EmojiFunctionRowItem
2017-07-23 14:40:53.198 firefox-bin[4395:4125785] IMKInputSession presentFunctionRowItemTextInputViewWithEndpoint:completionHandler: : [self textInputContext]=0x123db52e0 *NO* NSRemoteViewController to client, NSError=Error Domain=NSCocoaErrorDomain Code=4097 "connection from pid 0" UserInfo={NSDebugDescription=connection from pid 0}, com.apple.inputmethod.EmojiFunctionRowItem
